	Exporter version: 4.6.1, Blender version: 2.78 (sub 0)
========= Conversion from Blender to Babylon.js =========
	Scene settings used:
		selected layers only:  false
		flat shading entire scene:  false
		inline textures:  false
		texture directory:  D:\Users\Simon Tusar\Desktop\Faks\RG\The city\
	Python World class constructor completed
	processing begun of mesh:  bldgs2
		processing begun of Standard material:  default_bldgs2
			Diffuse texture found "Kd.002"
				Image texture found, type:  diffuseTexture, mapped using: "UVMap"
			Bump texture found "Bump"
				Image texture found, type:  bumpTexture, mapped using: "UVMap"
	WARNING: Error encountered processing image file:  , Error:  [Errno 2] No such file or directory: '\\Maps\\default_b.jpg'
		num positions      :  11913
		num normals        :  11913
		num uvs            :  23826
		num uvs2           :  0
		num colors         :  0
		num indices        :  31374
	processing begun of mesh:  The City
		processing begun of Standard material:  Default
		num positions      :  22
		num normals        :  22
		num uvs            :  44
		num uvs2           :  0
		num colors         :  0
		num indices        :  36
	processing begun of mesh:  mesh01
		processing begun of Standard material:  default_sidewalks
			Diffuse texture found "Kd.001"
				Image texture found, type:  diffuseTexture, mapped using: "UVMap"
		processing begun of Standard material:  default
			Diffuse texture found "Kd"
				Image texture found, type:  diffuseTexture, mapped using: "UVMap"
		processing begun of multimaterial:  untitled.Multimaterial#0
		num positions      :  2070
		num normals        :  2070
		num uvs            :  4140
		num uvs2           :  0
		num colors         :  0
		num indices        :  4068
	processing begun of mesh:  Cube
		processing begun of Standard material:  Material
		num positions      :  8
		num normals        :  8
		num uvs            :  0
		num uvs2           :  0
		num colors         :  0
		num indices        :  36
	processing begun of camera (FreeCamera):  Camera
	processing begun of light (POINT):  Lamp
========= Writing of scene file started =========
========= Writing of scene file completed =========
========= end of processing =========
elapsed time:  0 min, 0.3581 secs
